<?xml version="1.0" encoding="UTF-8"?>
<coverage generated="1695816541785" clover="3.2.0">
  <project timestamp="1695816541786" name="All files">
    <metrics statements="22" coveredstatements="21" conditionals="6" coveredconditionals="5" methods="7" coveredmethods="6" elements="35" coveredelements="32" complexity="0" loc="22" ncloc="22" packages="1" files="3" classes="3"/>
    <file name="Note.jsx" path="C:\Users\HP\Dipjal\helsinki\Exercises\exercise-part2\src\components\Note.jsx">
      <metrics statements="3" coveredstatements="3" conditionals="2" coveredconditionals="1" methods="1" coveredmethods="1"/>
      <line num="1" count="1" type="stmt"/>
      <line num="2" count="2" type="cond" truecount="1" falsecount="1"/>
      <line num="4" count="2" type="stmt"/>
    </file>
    <file name="noteForm.jsx" path="C:\Users\HP\Dipjal\helsinki\Exercises\exercise-part2\src\components\noteForm.jsx">
      <metrics statements="8" coveredstatements="8" conditionals="0" coveredconditionals="0" methods="3" coveredmethods="3"/>
      <line num="3" count="1" type="stmt"/>
      <line num="4" count="19" type="stmt"/>
      <line num="6" count="19" type="stmt"/>
      <line num="7" count="1" type="stmt"/>
      <line num="8" count="1" type="stmt"/>
      <line num="12" count="1" type="stmt"/>
      <line num="15" count="19" type="stmt"/>
      <line num="22" count="17" type="stmt"/>
    </file>
    <file name="togglable.jsx" path="C:\Users\HP\Dipjal\helsinki\Exercises\exercise-part2\src\components\togglable.jsx">
      <metrics statements="11" coveredstatements="10" conditionals="4" coveredconditionals="4" methods="3" coveredmethods="2"/>
      <line num="4" count="1" type="stmt"/>
      <line num="5" count="7" type="stmt"/>
      <line num="7" count="7" type="cond" truecount="2" falsecount="0"/>
      <line num="8" count="7" type="cond" truecount="2" falsecount="0"/>
      <line num="10" count="7" type="stmt"/>
      <line num="11" count="3" type="stmt"/>
      <line num="14" count="7" type="stmt"/>
      <line num="15" count="0" type="stmt"/>
      <line num="20" count="7" type="stmt"/>
      <line num="34" count="1" type="stmt"/>
      <line num="37" count="1" type="stmt"/>
    </file>
  </project>
</coverage>
